<?xml version="1.0" encoding="UTF-8"?>
<!-- Generated by org.testng.reporters.JUnitXMLReporter -->
<testsuite ignored="3" hostname="DESKTOP-V62BBK2" failures="0" tests="1" name="Default test" time="64.407" errors="0" timestamp="2023-02-14T11:51:36 IST">
  <testcase classname="test.testTreatians" name="BookAppointment" time="40.994"/>
  <testcase classname="test.testTreatians" name="verifyAppointment" time="0.0">
    <ignored/>
  </testcase> <!-- verifyAppointment -->
  <testcase classname="test.testTreatians" name="creatingNewUser" time="0.0">
    <ignored/>
  </testcase> <!-- creatingNewUser -->
  <testcase classname="test.testTreatians" name="loginTest1" time="0.0">
    <ignored/>
  </testcase> <!-- loginTest1 -->
</testsuite> <!-- Default test -->
