<?xml version="1.0" encoding="UTF-8"?>
<!-- Generated by org.testng.reporters.JUnitXMLReporter -->
<testsuite hostname="DESKTOP-V62BBK2" ignored="0" name="Default test" tests="5" failures="0" timestamp="2023-06-19T17:55:21 IST" time="104.185" errors="0">
  <testcase name="openWebApp" time="39.924" classname="test.testTreatians"/>
  <testcase name="MobileSignUp" time="18.982" classname="test.testTreatians"/>
  <testcase name="UserListingVerification" time="8.786" classname="test.testTreatians"/>
  <testcase name="UpdateUserDetails" time="5.833" classname="test.testTreatians"/>
  <testcase name="MobileLogInAndVerification" time="14.707" classname="test.testTreatians"/>
</testsuite> <!-- Default test -->
